Start testing: Jul 11 08:42 -04
----------------------------------------------------------
1/1 Testing: appstreamtest
1/1 Test: appstreamtest
Command: "/usr/bin/cmake" "-DAPPSTREAMCLI=/usr/bin/appstreamcli" "-DINSTALL_FILES=/home/CMUNOZJ/Escritorio/Aprendizaje/punchi-dock-remastered/build/install_manifest.txt" "-P" "/usr/share/ECM/kde-modules/appstreamtest.cmake"
Directory: /home/CMUNOZJ/Escritorio/Aprendizaje/punchi-dock-remastered/build
"appstreamtest" start time: Jul 11 08:42 -04
Output:
----------------------------------------------------------
<end of output>
Test time =   0.01 sec
----------------------------------------------------------
Test Passed.
"appstreamtest" end time: Jul 11 08:42 -04
"appstreamtest" time elapsed: 00:00:00
----------------------------------------------------------

End testing: Jul 11 08:42 -04
